<?xml version="1.0" encoding="UTF-8"?>
<testsuite xmlns:xsi="http://www.w3.org/2001/XMLSchema-instance" xsi:noNamespaceSchemaLocation="https://maven.apache.org/surefire/maven-surefire-plugin/xsd/surefire-test-report.xsd" name="com.example.demo.NgoDonationApplicationTests" time="11.106" tests="2" errors="1" skipped="0" failures="0">
  <properties>
[...]
</properties>
  <testcase name="testGetUserByEmail" classname="com.example.demo.NgoDonationApplicationTests" time="0.521">
    <error type="java.lang.StackOverflowError">java.lang.StackOverflowError
</error>
    <system-out><![CDATA[14:54:29.601 [main] DEBUG org.springframework.test.context.BootstrapUtils - Instantiating CacheAwareContextLoaderDelegate from class [org.springframework.test.context.cache.DefaultCacheAwareContextLoaderDelegate]
14:54:29.612 [main] DEBUG org.springframework.test.context.BootstrapUtils - Instantiating BootstrapContext using constructor [public org.springframework.test.context.support.DefaultBootstrapContext(java.lang.Class,org.springframework.test.context.CacheAwareContextLoaderDelegate)]
14:54:29.643 [main] DEBUG org.springframework.test.context.BootstrapUtils - Instantiating TestContextBootstrapper for test class [com.example.demo.NgoDonationApplicationTests] from class [org.springframework.boot.test.context.SpringBootTestContextBootstrapper]
14:54:29.654 [main] INFO org.springframework.boot.test.context.SpringBootTestContextBootstrapper - Neither @ContextConfiguration nor @ContextHierarchy found for test class [com.example.demo.NgoDonationApplicationTests], using SpringBootContextLoader
14:54:29.657 [main] DEBUG org.springframework.test.context.support.AbstractContextLoader - Did not detect default resource location for test class [com.example.demo.NgoDonationApplicationTests]: class path resource [com/example/demo/NgoDonationApplicationTests-context.xml] does not exist
14:54:29.658 [main] DEBUG org.springframework.test.context.support.AbstractContextLoader - Did not detect default resource location for test class [com.example.demo.NgoDonationApplicationTests]: class path resource [com/example/demo/NgoDonationApplicationTestsContext.groovy] does not exist
14:54:29.658 [main] INFO org.springframework.test.context.support.AbstractContextLoader - Could not detect default resource locations for test class [com.example.demo.NgoDonationApplicationTests]: no resource found for suffixes {-context.xml, Context.groovy}.
14:54:29.658 [main] INFO org.springframework.test.context.support.AnnotationConfigContextLoaderUtils - Could not detect default configuration classes for test class [com.example.demo.NgoDonationApplicationTests]: NgoDonationApplicationTests does not declare any static, non-private, non-final, nested classes annotated with @Configuration.
14:54:29.700 [main] DEBUG org.springframework.test.context.support.ActiveProfilesUtils - Could not find an 'annotation declaring class' for annotation type [org.springframework.test.context.ActiveProfiles] and class [com.example.demo.NgoDonationApplicationTests]
14:54:29.761 [main] DEBUG org.springframework.context.annotation.ClassPathScanningCandidateComponentProvider - Identified candidate component class: file [C:\Java WorkSpace\NGO-Donation\target\classes\com\example\demo\NgoDonationApplication.class]
14:54:29.763 [main] INFO org.springframework.boot.test.context.SpringBootTestContextBootstrapper - Found @SpringBootConfiguration com.example.demo.NgoDonationApplication for test class com.example.demo.NgoDonationApplicationTests
14:54:29.861 [main] DEBUG org.springframework.boot.test.context.SpringBootTestContextBootstrapper - @TestExecutionListeners is not present for class [com.example.demo.NgoDonationApplicationTests]: using defaults.
14:54:29.861 [main] INFO org.springframework.boot.test.context.SpringBootTestContextBootstrapper - Loaded default TestExecutionListener class names from location [META-INF/spring.factories]: [org.springframework.boot.test.mock.mockito.MockitoTestExecutionListener, org.springframework.boot.test.mock.mockito.ResetMocksTestExecutionListener, org.springframework.boot.test.autoconfigure.restdocs.RestDocsTestExecutionListener, org.springframework.boot.test.autoconfigure.web.client.MockRestServiceServerResetTestExecutionListener, org.springframework.boot.test.autoconfigure.web.servlet.MockMvcPrintOnlyOnFailureTestExecutionListener, org.springframework.boot.test.autoconfigure.web.servlet.WebDriverTestExecutionListener, org.springframework.boot.test.autoconfigure.webservices.client.MockWebServiceServerTestExecutionListener, org.springframework.test.context.web.ServletTestExecutionListener, org.springframework.test.context.support.DirtiesContextBeforeModesTestExecutionListener, org.springframework.test.context.event.ApplicationEventsTestExecutionListener, org.springframework.test.context.support.DependencyInjectionTestExecutionListener, org.springframework.test.context.support.DirtiesContextTestExecutionListener, org.springframework.test.context.transaction.TransactionalTestExecutionListener, org.springframework.test.context.jdbc.SqlScriptsTestExecutionListener, org.springframework.test.context.event.EventPublishingTestExecutionListener]
14:54:29.876 [main] INFO org.springframework.boot.test.context.SpringBootTestContextBootstrapper - Using TestExecutionListeners: [org.springframework.test.context.web.ServletTestExecutionListener@4a11eb84, org.springframework.test.context.support.DirtiesContextBeforeModesTestExecutionListener@4e858e0a, org.springframework.test.context.event.ApplicationEventsTestExecutionListener@435fb7b5, org.springframework.boot.test.mock.mockito.MockitoTestExecutionListener@4e70a728, org.springframework.boot.test.autoconfigure.SpringBootDependencyInjectionTestExecutionListener@b7838a9, org.springframework.test.context.support.DirtiesContextTestExecutionListener@696f0212, org.springframework.test.context.transaction.TransactionalTestExecutionListener@5733f295, org.springframework.test.context.jdbc.SqlScriptsTestExecutionListener@1c3146bc, org.springframework.test.context.event.EventPublishingTestExecutionListener@56c698e3, org.springframework.boot.test.mock.mockito.ResetMocksTestExecutionListener@47a86fbb, org.springframework.boot.test.autoconfigure.restdocs.RestDocsTestExecutionListener@f478a81, org.springframework.boot.test.autoconfigure.web.client.MockRestServiceServerResetTestExecutionListener@19553973, org.springframework.boot.test.autoconfigure.web.servlet.MockMvcPrintOnlyOnFailureTestExecutionListener@7bb6ab3a, org.springframework.boot.test.autoconfigure.web.servlet.WebDriverTestExecutionListener@7fe7c640, org.springframework.boot.test.autoconfigure.webservices.client.MockWebServiceServerTestExecutionListener@4c4748bf]
14:54:29.880 [main] DEBUG org.springframework.test.context.support.AbstractDirtiesContextTestExecutionListener - Before test class: context [DefaultTestContext@5c18016b testClass = NgoDonationApplicationTests, testInstance = [null], testMethod = [null], testException = [null], mergedContextConfiguration = [WebMergedContextConfiguration@33aeca0b testClass = NgoDonationApplicationTests, locations = '{}', classes = '{class com.example.demo.NgoDonationApplication}', contextInitializerClasses = '[]', activeProfiles = '{}', propertySourceLocations = '{}', propertySourceProperties = '{org.springframework.boot.test.context.SpringBootTestContextBootstrapper=true}', contextCustomizers = set[org.springframework.boot.test.context.filter.ExcludeFilterContextCustomizer@189cbd7c, org.springframework.boot.test.json.DuplicateJsonObjectContextCustomizerFactory$DuplicateJsonObjectContextCustomizer@39b43d60, org.springframework.boot.test.mock.mockito.MockitoContextCustomizer@0, org.springframework.boot.test.web.client.TestRestTemplateContextCustomizer@64e7619d, org.springframework.boot.test.autoconfigure.actuate.metrics.MetricsExportContextCustomizerFactory$DisableMetricExportContextCustomizer@3e44f2a5, org.springframework.boot.test.autoconfigure.properties.PropertyMappingContextCustomizer@0, org.springframework.boot.test.autoconfigure.web.servlet.WebDriverContextCustomizerFactory$Customizer@12299890, org.springframework.boot.test.context.SpringBootTestArgs@1, org.springframework.boot.test.context.SpringBootTestWebEnvironment@7ed7259e], resourceBasePath = 'src/main/webapp', contextLoader = 'org.springframework.boot.test.context.SpringBootContextLoader', parent = [null]], attributes = map['org.springframework.test.context.web.ServletTestExecutionListener.activateListener' -> true]], class annotated with @DirtiesContext [false] with mode [null].
14:54:29.913 [main] DEBUG org.springframework.test.context.support.TestPropertySourceUtils - Adding inlined properties to environment: {spring.jmx.enabled=false, org.springframework.boot.test.context.SpringBootTestContextBootstrapper=true}

  .   ____          _            __ _ _
 /\\ / ___'_ __ _ _(_)_ __  __ _ \ \ \ \
( ( )\___ | '_ | '_| | '_ \/ _` | \ \ \ \
 \\/  ___)| |_)| | | | | || (_| |  ) ) ) )
  '  |____| .__|_| |_|_| |_\__, | / / / /
 =========|_|==============|___/=/_/_/_/
 :: Spring Boot ::                (v2.5.3)

2021-08-27 14:54:30.191  INFO 1644 --- [           main] c.e.demo.NgoDonationApplicationTests     : Starting NgoDonationApplicationTests using Java 11.0.11 on AnhMinh-PC with PID 1644 (started by root in C:\Java WorkSpace\NGO-Donation)
2021-08-27 14:54:30.194  INFO 1644 --- [           main] c.e.demo.NgoDonationApplicationTests     : No active profile set, falling back to default profiles: default
2021-08-27 14:54:30.956  INFO 1644 --- [           main] .s.d.r.c.RepositoryConfigurationDelegate : Bootstrapping Spring Data JPA repositories in DEFAULT mode.
2021-08-27 14:54:31.028  INFO 1644 --- [           main] .s.d.r.c.RepositoryConfigurationDelegate : Finished Spring Data repository scanning in 64 ms. Found 4 JPA repository interfaces.
2021-08-27 14:54:31.591  INFO 1644 --- [           main] o.hibernate.jpa.internal.util.LogHelper  : HHH000204: Processing PersistenceUnitInfo [name: default]
2021-08-27 14:54:31.654  INFO 1644 --- [           main] org.hibernate.Version                    : HHH000412: Hibernate ORM core version 5.4.32.Final
2021-08-27 14:54:31.805  INFO 1644 --- [           main] o.hibernate.annotations.common.Version   : HCANN000001: Hibernate Commons Annotations {5.1.2.Final}
2021-08-27 14:54:32.129  INFO 1644 --- [           main] com.zaxxer.hikari.HikariDataSource       : HikariPool-1 - Starting...
2021-08-27 14:54:34.504  INFO 1644 --- [           main] com.zaxxer.hikari.HikariDataSource       : HikariPool-1 - Start completed.
2021-08-27 14:54:34.520  INFO 1644 --- [           main] org.hibernate.dialect.Dialect            : HHH000400: Using dialect: org.hibernate.dialect.MySQL5Dialect
Hibernate: alter table donation_type drop index UK3envc3228vkrix5prtsm45xpr
Hibernate: alter table donation_type add constraint UK3envc3228vkrix5prtsm45xpr unique (name)
Hibernate: alter table users drop index UK6dotkott2kjsp8vw4d0m25fb7
Hibernate: alter table users add constraint UK6dotkott2kjsp8vw4d0m25fb7 unique (email)
Hibernate: alter table donation add constraint FKcanwx5pku2rbqib0re4vsry1g foreign key (type_id) references donation_type (id)
Hibernate: alter table donation add constraint FKjqx6doal59swi10cqcdgippee foreign key (user_id) references users (user_id)
Hibernate: alter table users add constraint FKo47sw84ajr24vfq4ccoha1256 foreign key (profile_id) references user_profile (id)
Hibernate: alter table users_roles add constraint FKt4v0rrweyk393bdgt107vdx0x foreign key (role_id) references role (id)
Hibernate: alter table users_roles add constraint FK2o0jvgh89lemvvo17cbqvdxaa foreign key (user_id) references users (user_id)
2021-08-27 14:54:38.581  INFO 1644 --- [           main] o.h.e.t.j.p.i.JtaPlatformInitiator       : HHH000490: Using JtaPlatform implementation: [org.hibernate.engine.transaction.jta.platform.internal.NoJtaPlatform]
2021-08-27 14:54:38.589  INFO 1644 --- [           main] j.LocalContainerEntityManagerFactoryBean : Initialized JPA EntityManagerFactory for persistence unit 'default'
2021-08-27 14:54:39.075  WARN 1644 --- [           main] JpaBaseConfiguration$JpaWebConfiguration : spring.jpa.open-in-view is enabled by default. Therefore, database queries may be performed during view rendering. Explicitly configure spring.jpa.open-in-view to disable this warning
2021-08-27 14:54:39.423  INFO 1644 --- [           main] o.s.s.web.DefaultSecurityFilterChain     : Will secure any request with [org.springframework.security.web.context.request.async.WebAsyncManagerIntegrationFilter@22f7bf36, org.springframework.security.web.context.SecurityContextPersistenceFilter@21f94fe3, org.springframework.security.web.header.HeaderWriterFilter@f245168, org.springframework.web.filter.CorsFilter@46146832, org.springframework.security.web.authentication.logout.LogoutFilter@6addfa22, com.example.demo.config.JwtTokenFilter@4a3404fa, org.springframework.security.web.authentication.UsernamePasswordAuthenticationFilter@70dd79f7, org.springframework.security.web.savedrequest.RequestCacheAwareFilter@7c1c0892, org.springframework.security.web.servletapi.SecurityContextHolderAwareRequestFilter@4202276, org.springframework.security.web.authentication.AnonymousAuthenticationFilter@3fb4beb1, org.springframework.security.web.session.SessionManagementFilter@52b32622, org.springframework.security.web.access.ExceptionTranslationFilter@42095996, org.springframework.security.web.access.intercept.FilterSecurityInterceptor@481c1e92]
2021-08-27 14:54:39.877  INFO 1644 --- [           main] o.s.b.a.w.s.WelcomePageHandlerMapping    : Adding welcome page template: index
2021-08-27 14:54:40.134  INFO 1644 --- [           main] c.e.demo.NgoDonationApplicationTests     : Started NgoDonationApplicationTests in 10.215 seconds (JVM running for 11.111)
Hibernate: select users0_.user_id as user_id1_4_, users0_.email as email2_4_, users0_.first_name as first_na3_4_, users0_.last_name as last_nam4_4_, users0_.password as password5_4_, users0_.profile_id as profile_6_4_ from users users0_ where users0_.email=?
Hibernate: select userprofil0_.id as id1_3_0_, userprofil0_.cma as cma2_3_0_, userprofil0_.address1 as address3_3_0_, userprofil0_.address2 as address4_3_0_, userprofil0_.city as city5_3_0_, userprofil0_.country as country6_3_0_, userprofil0_.phone as phone7_3_0_, userprofil0_.state as state8_3_0_, userprofil0_.urbanization as urbaniza9_3_0_, userprofil0_.zipcode as zipcode10_3_0_, users1_.user_id as user_id1_4_1_, users1_.email as email2_4_1_, users1_.first_name as first_na3_4_1_, users1_.last_name as last_nam4_4_1_, users1_.password as password5_4_1_, users1_.profile_id as profile_6_4_1_, roles2_.user_id as user_id1_5_2_, role3_.id as role_id2_5_2_, role3_.id as id1_2_3_, role3_.name as name2_2_3_ from user_profile userprofil0_ left outer join users users1_ on userprofil0_.id=users1_.profile_id left outer join users_roles roles2_ on users1_.user_id=roles2_.user_id left outer join role role3_ on roles2_.role_id=role3_.id where userprofil0_.id=?
Hibernate: select users0_.user_id as user_id1_4_2_, users0_.email as email2_4_2_, users0_.first_name as first_na3_4_2_, users0_.last_name as last_nam4_4_2_, users0_.password as password5_4_2_, users0_.profile_id as profile_6_4_2_, roles1_.user_id as user_id1_5_4_, role2_.id as role_id2_5_4_, role2_.id as id1_2_0_, role2_.name as name2_2_0_, userprofil3_.id as id1_3_1_, userprofil3_.cma as cma2_3_1_, userprofil3_.address1 as address3_3_1_, userprofil3_.address2 as address4_3_1_, userprofil3_.city as city5_3_1_, userprofil3_.country as country6_3_1_, userprofil3_.phone as phone7_3_1_, userprofil3_.state as state8_3_1_, userprofil3_.urbanization as urbaniza9_3_1_, userprofil3_.zipcode as zipcode10_3_1_ from users users0_ left outer join users_roles roles1_ on users0_.user_id=roles1_.user_id left outer join role role2_ on roles1_.role_id=role2_.id left outer join user_profile userprofil3_ on users0_.profile_id=userprofil3_.id where users0_.profile_id=?
]]></system-out>
  </testcase>
  <testcase name="contextLoads" classname="com.example.demo.NgoDonationApplicationTests" time="0"/>
</testsuite>